<?xml version="1.0" encoding="UTF-8"?>

<beans:beans xmlns:xsi="http://www.w3.org/2001/XMLSchema-instance"
             xmlns:beans="http://www.springframework.org/schema/beans"
             xmlns:context="http://www.springframework.org/schema/context"
             xmlns="http://www.springframework.org/schema/integration"
             xsi:schemaLocation="http://www.springframework.org/schema/beans
                  http://www.springframework.org/schema/beans/spring-beans.xsd
                  http://www.springframework.org/schema/integration
                  http://www.springframework.org/schema/integration/spring-integration.xsd http://www.springframework.org/schema/context http://www.springframework.org/schema/context/spring-context.xsd">
    <context:property-placeholder/>
    <beans:bean class="com.ae.caffeserver.classifier.Classifier"/>
    <beans:bean class="com.ae.caffeserver.classifier.ClassifierConfig"/>
    <beans:bean class="com.ae.caffeserver.classifier.MovieProcessor"/>
    <beans:bean class="com.ae.caffeserver.util.Utils"/>

</beans:beans>
